<?xml version="1.0" encoding="UTF-8"?>
<testsuite name="com.build.qa.build.selenium.tests.FergTest" time="15.528" tests="5" errors="5" skipped="0" failures="0">
  <properties>
    <property name="jansi.mode" value="strip"/>
    <property name="java.runtime.name" value="OpenJDK Runtime Environment"/>
    <property name="java.vm.version" value="17.0.3+7"/>
    <property name="sun.boot.library.path" value="C:\Users\admin\.p2\pool\plugins\org.eclipse.justj.openjdk.hotspot.jre.full.win32.x86_64_17.0.3.v20220515-1416\jre\bin"/>
    <property name="maven.multiModuleProjectDirectory" value="F:\Selenium Framework\selenium-assessment-master"/>
    <property name="java.vm.vendor" value="Eclipse Adoptium"/>
    <property name="java.vendor.url" value="https://adoptium.net/"/>
    <property name="guice.disable.misplaced.annotation.check" value="true"/>
    <property name="path.separator" value=";"/>
    <property name="java.vm.name" value="OpenJDK 64-Bit Server VM"/>
    <property name="sun.os.patch.level" value=""/>
    <property name="user.script" value=""/>
    <property name="user.country" value="US"/>
    <property name="sun.java.launcher" value="SUN_STANDARD"/>
    <property name="java.vm.specification.name" value="Java Virtual Machine Specification"/>
    <property name="user.dir" value="F:\Selenium Framework\selenium-assessment-master"/>
    <property name="java.vm.compressedOopsMode" value="32-bit"/>
    <property name="java.runtime.version" value="17.0.3+7"/>
    <property name="os.arch" value="amd64"/>
    <property name="java.io.tmpdir" value="C:\Users\admin\AppData\Local\Temp\"/>
    <property name="line.separator" value="&#10;"/>
    <property name="java.vm.specification.vendor" value="Oracle Corporation"/>
    <property name="user.variant" value=""/>
    <property name="os.name" value="Windows 10"/>
    <property name="classworlds.conf" value="C:\Users\admin\eclipse-workspace\.metadata\.plugins\org.eclipse.m2e.launching\launches\m2conf12520809745673700780.tmp"/>
    <property name="sun.jnu.encoding" value="Cp1252"/>
    <property name="java.library.path" value="C:\Users\admin\.p2\pool\plugins\org.eclipse.justj.openjdk.hotspot.jre.full.win32.x86_64_17.0.3.v20220515-1416\jre\bin;C:\Windows\Sun\Java\bin;C:\Windows\system32;C:\Windows;C:/Users/admin/.p2/pool/plugins/org.eclipse.justj.openjdk.hotspot.jre.full.win32.x86_64_17.0.3.v20220515-1416/jre/bin/server;C:/Users/admin/.p2/pool/plugins/org.eclipse.justj.openjdk.hotspot.jre.full.win32.x86_64_17.0.3.v20220515-1416/jre/bin;C:/Users/admin/AppData/Local/Temp/eoi54FF.tmp//plugins/org.eclipse.justj.openjdk.hotspot.jre.minimal.stripped.win32.x86_64_17.0.3.v20220515-1416/jre/bin/server;C:/Users/admin/AppData/Local/Temp/eoi54FF.tmp//plugins/org.eclipse.justj.openjdk.hotspot.jre.minimal.stripped.win32.x86_64_17.0.3.v20220515-1416/jre/bin;C:\Windows\system32;C:\Windows;C:\Windows\System32\Wbem;C:\Windows\System32\WindowsPowerShell\v1.0\;C:\Windows\System32\OpenSSH\;C:\Users\admin\AppData\Local\Microsoft\WindowsApps;;C:\Users\admin\Downloads;;C:\Users\admin\Downloads;;."/>
    <property name="jdk.debug" value="release"/>
    <property name="java.class.version" value="61.0"/>
    <property name="java.specification.name" value="Java Platform API Specification"/>
    <property name="sun.management.compiler" value="HotSpot 64-Bit Tiered Compilers"/>
    <property name="os.version" value="10.0"/>
    <property name="user.home" value="C:\Users\admin"/>
    <property name="user.timezone" value="America/Los_Angeles"/>
    <property name="file.encoding" value="UTF-8"/>
    <property name="java.specification.version" value="17"/>
    <property name="user.name" value="admin"/>
    <property name="java.class.path" value="C:\Users\admin\.p2\pool\plugins\org.eclipse.m2e.maven.runtime_1.18.3.20220227-1319\jars\plexus-classworlds-2.6.0.jar"/>
    <property name="java.vm.specification.version" value="17"/>
    <property name="sun.arch.data.model" value="64"/>
    <property name="sun.java.command" value="org.codehaus.plexus.classworlds.launcher.Launcher -B test"/>
    <property name="java.home" value="C:\Users\admin\.p2\pool\plugins\org.eclipse.justj.openjdk.hotspot.jre.full.win32.x86_64_17.0.3.v20220515-1416\jre"/>
    <property name="user.language" value="en"/>
    <property name="java.specification.vendor" value="Oracle Corporation"/>
    <property name="java.vm.info" value="mixed mode"/>
    <property name="java.version" value="17.0.3"/>
    <property name="native.encoding" value="Cp1252"/>
    <property name="java.vendor" value="Eclipse Adoptium"/>
    <property name="maven.home" value="F:\Selenium Framework\selenium-assessment-master\EMBEDDED"/>
    <property name="file.separator" value="\"/>
    <property name="java.version.date" value="2022-04-19"/>
    <property name="java.vendor.url.bug" value="https://github.com/adoptium/adoptium-support/issues"/>
    <property name="sun.io.unicode.encoding" value="UnicodeLittle"/>
    <property name="sun.cpu.endian" value="little"/>
    <property name="java.vendor.version" value="Temurin-17.0.3+7"/>
    <property name="sun.cpu.isalist" value="amd64"/>
  </properties>
  <testcase name="navigateToHomePage" classname="com.build.qa.build.selenium.tests.FergTest" time="3.498">
    <error message="session not created: This version of Microsoft Edge WebDriver only supports Microsoft Edge version 105&#10;Current browser version is 99.0.1150.36 with binary path C:\Program Files (x86)\Microsoft\Edge\Application\msedge.exe&#10;Build info: version: &apos;3.4.0&apos;, revision: &apos;unknown&apos;, time: &apos;unknown&apos;&#10;System info: host: &apos;DESKTOP-B85L28E&apos;, ip: &apos;192.168.1.5&apos;, os.name: &apos;Windows 10&apos;, os.arch: &apos;amd64&apos;, os.version: &apos;10.0&apos;, java.version: &apos;17.0.3&apos;&#10;Driver info: driver.version: EdgeDriver&#10;remote stacktrace: Backtrace:&#10;	Microsoft::Applications::Events::EventProperties::unpack [0x00007FF751342D62+27186]&#10;	Microsoft::Applications::Events::GUID_t::GUID_t [0x00007FF7512979D2+340338]&#10;	Ordinal0 [0x00007FF750E377E1+620513]&#10;	Ordinal0 [0x00007FF750E6374B+800587]&#10;	Ordinal0 [0x00007FF750E5F36E+783214]&#10;	Ordinal0 [0x00007FF750E5A518+763160]&#10;	Ordinal0 [0x00007FF750E9476F+1001327]&#10;	Ordinal0 [0x00007FF750E8EE83+978563]&#10;	Ordinal0 [0x00007FF750E65CA0+810144]&#10;	Ordinal0 [0x00007FF750E67298+815768]&#10;	Microsoft::Applications::Events::EventProperty::EventProperty [0x00007FF7510F2A08+130200]&#10;	Microsoft::Applications::Events::EventProperty::EventProperty [0x00007FF7510DC311+38305]&#10;	Microsoft::Applications::Events::EventProperty::EventProperty [0x00007FF7510DF56C+51196]&#10;	Microsoft::Applications::Events::EventProperty::to_string [0x00007FF750F3EE77+19575]&#10;	Microsoft::Applications::Events::GUID_t::GUID_t [0x00007FF75129F5FB+372123]&#10;	Microsoft::Applications::Events::GUID_t::GUID_t [0x00007FF7512A4284+391716]&#10;	Microsoft::Applications::Events::GUID_t::GUID_t [0x00007FF7512A43DD+392061]&#10;	Microsoft::Applications::Events::time_ticks_t::time_ticks_t [0x00007FF7512AE849+39161]&#10;	BaseThreadInitThunk [0x00007FF9B9547BD4+20]&#10;	RtlUserThreadStart [0x00007FF9B9C8CED1+33]&#10;" type="org.openqa.selenium.SessionNotCreatedException"><![CDATA[org.openqa.selenium.SessionNotCreatedException: session not created: This version of Microsoft Edge WebDriver only supports Microsoft Edge version 105
Current browser version is 99.0.1150.36 with binary path C:\Program Files (x86)\Microsoft\Edge\Application\msedge.exe
Build info: version: '3.4.0', revision: 'unknown', time: 'unknown'
System info: host: 'DESKTOP-B85L28E', ip: '192.168.1.5', os.name: 'Windows 10', os.arch: 'amd64', os.version: '10.0', java.version: '17.0.3'
Driver info: driver.version: EdgeDriver
remote stacktrace: Backtrace:
	Microsoft::Applications::Events::EventProperties::unpack [0x00007FF751342D62+27186]
	Microsoft::Applications::Events::GUID_t::GUID_t [0x00007FF7512979D2+340338]
	Ordinal0 [0x00007FF750E377E1+620513]
	Ordinal0 [0x00007FF750E6374B+800587]
	Ordinal0 [0x00007FF750E5F36E+783214]
	Ordinal0 [0x00007FF750E5A518+763160]
	Ordinal0 [0x00007FF750E9476F+1001327]
	Ordinal0 [0x00007FF750E8EE83+978563]
	Ordinal0 [0x00007FF750E65CA0+810144]
	Ordinal0 [0x00007FF750E67298+815768]
	Microsoft::Applications::Events::EventProperty::EventProperty [0x00007FF7510F2A08+130200]
	Microsoft::Applications::Events::EventProperty::EventProperty [0x00007FF7510DC311+38305]
	Microsoft::Applications::Events::EventProperty::EventProperty [0x00007FF7510DF56C+51196]
	Microsoft::Applications::Events::EventProperty::to_string [0x00007FF750F3EE77+19575]
	Microsoft::Applications::Events::GUID_t::GUID_t [0x00007FF75129F5FB+372123]
	Microsoft::Applications::Events::GUID_t::GUID_t [0x00007FF7512A4284+391716]
	Microsoft::Applications::Events::GUID_t::GUID_t [0x00007FF7512A43DD+392061]
	Microsoft::Applications::Events::time_ticks_t::time_ticks_t [0x00007FF7512AE849+39161]
	BaseThreadInitThunk [0x00007FF9B9547BD4+20]
	RtlUserThreadStart [0x00007FF9B9C8CED1+33]

	at java.base/jdk.internal.reflect.NativeConstructorAccessorImpl.newInstance0(Native Method)
	at java.base/jdk.internal.reflect.NativeConstructorAccessorImpl.newInstance(NativeConstructorAccessorImpl.java:77)
	at java.base/jdk.internal.reflect.DelegatingConstructorAccessorImpl.newInstance(DelegatingConstructorAccessorImpl.java:45)
	at java.base/java.lang.reflect.Constructor.newInstanceWithCaller(Constructor.java:499)
	at java.base/java.lang.reflect.Constructor.newInstance(Constructor.java:480)
	at org.openqa.selenium.remote.W3CHandshakeResponse.lambda$new$0(W3CHandshakeResponse.java:57)
	at org.openqa.selenium.remote.W3CHandshakeResponse.lambda$getResponseFunction$2(W3CHandshakeResponse.java:104)
	at org.openqa.selenium.remote.ProtocolHandshake.lambda$createSession$22(ProtocolHandshake.java:365)
	at java.base/java.util.stream.ReferencePipeline$3$1.accept(ReferencePipeline.java:197)
	at java.base/java.util.Spliterators$ArraySpliterator.tryAdvance(Spliterators.java:1002)
	at java.base/java.util.stream.ReferencePipeline.forEachWithCancel(ReferencePipeline.java:129)
	at java.base/java.util.stream.AbstractPipeline.copyIntoWithCancel(AbstractPipeline.java:527)
	at java.base/java.util.stream.AbstractPipeline.copyInto(AbstractPipeline.java:513)
	at java.base/java.util.stream.AbstractPipeline.wrapAndCopyInto(AbstractPipeline.java:499)
	at java.base/java.util.stream.FindOps$FindOp.evaluateSequential(FindOps.java:150)
	at java.base/java.util.stream.AbstractPipeline.evaluate(AbstractPipeline.java:234)
	at java.base/java.util.stream.ReferencePipeline.findFirst(ReferencePipeline.java:647)
	at org.openqa.selenium.remote.ProtocolHandshake.createSession(ProtocolHandshake.java:368)
	at org.openqa.selenium.remote.ProtocolHandshake.createSession(ProtocolHandshake.java:159)
	at org.openqa.selenium.remote.HttpCommandExecutor.execute(HttpCommandExecutor.java:142)
	at org.openqa.selenium.remote.service.DriverCommandExecutor.execute(DriverCommandExecutor.java:82)
	at org.openqa.selenium.remote.RemoteWebDriver.execute(RemoteWebDriver.java:637)
	at org.openqa.selenium.remote.RemoteWebDriver.startSession(RemoteWebDriver.java:250)
	at org.openqa.selenium.remote.RemoteWebDriver.startSession(RemoteWebDriver.java:236)
	at org.openqa.selenium.remote.RemoteWebDriver.<init>(RemoteWebDriver.java:137)
	at org.openqa.selenium.edge.EdgeDriver.<init>(EdgeDriver.java:150)
	at org.openqa.selenium.edge.EdgeDriver.<init>(EdgeDriver.java:118)
	at com.build.qa.build.selenium.framework.BaseFramework.setUpBefore(BaseFramework.java:72)
	at java.base/jdk.internal.reflect.NativeMethodAccessorImpl.invoke0(Native Method)
	at java.base/jdk.internal.reflect.NativeMethodAccessorImpl.invoke(NativeMethodAccessorImpl.java:77)
	at java.base/jdk.internal.reflect.DelegatingMethodAccessorImpl.invoke(DelegatingMethodAccessorImpl.java:43)
	at java.base/java.lang.reflect.Method.invoke(Method.java:568)
	at org.junit.runners.model.FrameworkMethod$1.runReflectiveCall(FrameworkMethod.java:59)
	at org.junit.internal.runners.model.ReflectiveCallable.run(ReflectiveCallable.java:12)
	at org.junit.runners.model.FrameworkMethod.invokeExplosively(FrameworkMethod.java:56)
	at org.junit.internal.runners.statements.RunBefores.invokeMethod(RunBefores.java:33)
	at org.junit.internal.runners.statements.RunBefores.evaluate(RunBefores.java:24)
	at org.junit.internal.runners.statements.RunAfters.evaluate(RunAfters.java:27)
	at org.assertj.core.api.JUnitSoftAssertions$1.evaluate(JUnitSoftAssertions.java:47)
	at org.junit.runners.ParentRunner$3.evaluate(ParentRunner.java:306)
	at org.junit.runners.BlockJUnit4ClassRunner$1.evaluate(BlockJUnit4ClassRunner.java:100)
	at org.junit.runners.ParentRunner.runLeaf(ParentRunner.java:366)
	at org.junit.runners.BlockJUnit4ClassRunner.runChild(BlockJUnit4ClassRunner.java:103)
	at org.junit.runners.BlockJUnit4ClassRunner.runChild(BlockJUnit4ClassRunner.java:63)
	at org.junit.runners.ParentRunner$4.run(ParentRunner.java:331)
	at org.junit.runners.ParentRunner$1.schedule(ParentRunner.java:79)
	at org.junit.runners.ParentRunner.runChildren(ParentRunner.java:329)
	at org.junit.runners.ParentRunner.access$100(ParentRunner.java:66)
	at org.junit.runners.ParentRunner$2.evaluate(ParentRunner.java:293)
	at org.junit.internal.runners.statements.RunBefores.evaluate(RunBefores.java:26)
	at org.junit.runners.ParentRunner$3.evaluate(ParentRunner.java:306)
	at org.junit.runners.ParentRunner.run(ParentRunner.java:413)
	at org.apache.maven.surefire.junit4.JUnit4Provider.execute(JUnit4Provider.java:283)
	at org.apache.maven.surefire.junit4.JUnit4Provider.executeWithRerun(JUnit4Provider.java:173)
	at org.apache.maven.surefire.junit4.JUnit4Provider.executeTestSet(JUnit4Provider.java:153)
	at org.apache.maven.surefire.junit4.JUnit4Provider.invoke(JUnit4Provider.java:128)
	at org.apache.maven.surefire.booter.ForkedBooter.invokeProviderInSameClassLoader(ForkedBooter.java:203)
	at org.apache.maven.surefire.booter.ForkedBooter.runSuitesInProcess(ForkedBooter.java:155)
	at org.apache.maven.surefire.booter.ForkedBooter.main(ForkedBooter.java:103)
]]></error>
    <system-err><![CDATA[Starting Microsoft Edge WebDriver 105.0.1303.0 (c9319736a1a772fd40377e1810547d2f032a2ff0) on port 14979
To submit feedback, report a bug, or suggest new features, please visit https://github.com/MicrosoftEdge/EdgeWebDriver

Only local connections are allowed.
Please see https://aka.ms/WebDriverSecurity for suggestions on keeping Microsoft Edge WebDriver safe.

Microsoft Edge WebDriver was started successfully.
]]></system-err>
  </testcase>
  <testcase name="searchForProductLandsOnCorrectProduct" classname="com.build.qa.build.selenium.tests.FergTest" time="3.057">
    <error message="session not created: This version of Microsoft Edge WebDriver only supports Microsoft Edge version 105&#10;Current browser version is 99.0.1150.36 with binary path C:\Program Files (x86)\Microsoft\Edge\Application\msedge.exe&#10;Build info: version: &apos;3.4.0&apos;, revision: &apos;unknown&apos;, time: &apos;unknown&apos;&#10;System info: host: &apos;DESKTOP-B85L28E&apos;, ip: &apos;192.168.1.5&apos;, os.name: &apos;Windows 10&apos;, os.arch: &apos;amd64&apos;, os.version: &apos;10.0&apos;, java.version: &apos;17.0.3&apos;&#10;Driver info: driver.version: EdgeDriver&#10;remote stacktrace: Backtrace:&#10;	Microsoft::Applications::Events::EventProperties::unpack [0x00007FF751342D62+27186]&#10;	Microsoft::Applications::Events::GUID_t::GUID_t [0x00007FF7512979D2+340338]&#10;	Ordinal0 [0x00007FF750E377E1+620513]&#10;	Ordinal0 [0x00007FF750E6374B+800587]&#10;	Ordinal0 [0x00007FF750E5F36E+783214]&#10;	Ordinal0 [0x00007FF750E5A518+763160]&#10;	Ordinal0 [0x00007FF750E9476F+1001327]&#10;	Ordinal0 [0x00007FF750E8EE83+978563]&#10;	Ordinal0 [0x00007FF750E65CA0+810144]&#10;	Ordinal0 [0x00007FF750E67298+815768]&#10;	Microsoft::Applications::Events::EventProperty::EventProperty [0x00007FF7510F2A08+130200]&#10;	Microsoft::Applications::Events::EventProperty::EventProperty [0x00007FF7510DC311+38305]&#10;	Microsoft::Applications::Events::EventProperty::EventProperty [0x00007FF7510DF56C+51196]&#10;	Microsoft::Applications::Events::EventProperty::to_string [0x00007FF750F3EE77+19575]&#10;	Microsoft::Applications::Events::GUID_t::GUID_t [0x00007FF75129F5FB+372123]&#10;	Microsoft::Applications::Events::GUID_t::GUID_t [0x00007FF7512A4284+391716]&#10;	Microsoft::Applications::Events::GUID_t::GUID_t [0x00007FF7512A43DD+392061]&#10;	Microsoft::Applications::Events::time_ticks_t::time_ticks_t [0x00007FF7512AE849+39161]&#10;	BaseThreadInitThunk [0x00007FF9B9547BD4+20]&#10;	RtlUserThreadStart [0x00007FF9B9C8CED1+33]&#10;" type="org.openqa.selenium.SessionNotCreatedException"><![CDATA[org.openqa.selenium.SessionNotCreatedException: session not created: This version of Microsoft Edge WebDriver only supports Microsoft Edge version 105
Current browser version is 99.0.1150.36 with binary path C:\Program Files (x86)\Microsoft\Edge\Application\msedge.exe
Build info: version: '3.4.0', revision: 'unknown', time: 'unknown'
System info: host: 'DESKTOP-B85L28E', ip: '192.168.1.5', os.name: 'Windows 10', os.arch: 'amd64', os.version: '10.0', java.version: '17.0.3'
Driver info: driver.version: EdgeDriver
remote stacktrace: Backtrace:
	Microsoft::Applications::Events::EventProperties::unpack [0x00007FF751342D62+27186]
	Microsoft::Applications::Events::GUID_t::GUID_t [0x00007FF7512979D2+340338]
	Ordinal0 [0x00007FF750E377E1+620513]
	Ordinal0 [0x00007FF750E6374B+800587]
	Ordinal0 [0x00007FF750E5F36E+783214]
	Ordinal0 [0x00007FF750E5A518+763160]
	Ordinal0 [0x00007FF750E9476F+1001327]
	Ordinal0 [0x00007FF750E8EE83+978563]
	Ordinal0 [0x00007FF750E65CA0+810144]
	Ordinal0 [0x00007FF750E67298+815768]
	Microsoft::Applications::Events::EventProperty::EventProperty [0x00007FF7510F2A08+130200]
	Microsoft::Applications::Events::EventProperty::EventProperty [0x00007FF7510DC311+38305]
	Microsoft::Applications::Events::EventProperty::EventProperty [0x00007FF7510DF56C+51196]
	Microsoft::Applications::Events::EventProperty::to_string [0x00007FF750F3EE77+19575]
	Microsoft::Applications::Events::GUID_t::GUID_t [0x00007FF75129F5FB+372123]
	Microsoft::Applications::Events::GUID_t::GUID_t [0x00007FF7512A4284+391716]
	Microsoft::Applications::Events::GUID_t::GUID_t [0x00007FF7512A43DD+392061]
	Microsoft::Applications::Events::time_ticks_t::time_ticks_t [0x00007FF7512AE849+39161]
	BaseThreadInitThunk [0x00007FF9B9547BD4+20]
	RtlUserThreadStart [0x00007FF9B9C8CED1+33]

	at java.base/jdk.internal.reflect.NativeConstructorAccessorImpl.newInstance0(Native Method)
	at java.base/jdk.internal.reflect.NativeConstructorAccessorImpl.newInstance(NativeConstructorAccessorImpl.java:77)
	at java.base/jdk.internal.reflect.DelegatingConstructorAccessorImpl.newInstance(DelegatingConstructorAccessorImpl.java:45)
	at java.base/java.lang.reflect.Constructor.newInstanceWithCaller(Constructor.java:499)
	at java.base/java.lang.reflect.Constructor.newInstance(Constructor.java:480)
	at org.openqa.selenium.remote.W3CHandshakeResponse.lambda$new$0(W3CHandshakeResponse.java:57)
	at org.openqa.selenium.remote.W3CHandshakeResponse.lambda$getResponseFunction$2(W3CHandshakeResponse.java:104)
	at org.openqa.selenium.remote.ProtocolHandshake.lambda$createSession$22(ProtocolHandshake.java:365)
	at java.base/java.util.stream.ReferencePipeline$3$1.accept(ReferencePipeline.java:197)
	at java.base/java.util.Spliterators$ArraySpliterator.tryAdvance(Spliterators.java:1002)
	at java.base/java.util.stream.ReferencePipeline.forEachWithCancel(ReferencePipeline.java:129)
	at java.base/java.util.stream.AbstractPipeline.copyIntoWithCancel(AbstractPipeline.java:527)
	at java.base/java.util.stream.AbstractPipeline.copyInto(AbstractPipeline.java:513)
	at java.base/java.util.stream.AbstractPipeline.wrapAndCopyInto(AbstractPipeline.java:499)
	at java.base/java.util.stream.FindOps$FindOp.evaluateSequential(FindOps.java:150)
	at java.base/java.util.stream.AbstractPipeline.evaluate(AbstractPipeline.java:234)
	at java.base/java.util.stream.ReferencePipeline.findFirst(ReferencePipeline.java:647)
	at org.openqa.selenium.remote.ProtocolHandshake.createSession(ProtocolHandshake.java:368)
	at org.openqa.selenium.remote.ProtocolHandshake.createSession(ProtocolHandshake.java:159)
	at org.openqa.selenium.remote.HttpCommandExecutor.execute(HttpCommandExecutor.java:142)
	at org.openqa.selenium.remote.service.DriverCommandExecutor.execute(DriverCommandExecutor.java:82)
	at org.openqa.selenium.remote.RemoteWebDriver.execute(RemoteWebDriver.java:637)
	at org.openqa.selenium.remote.RemoteWebDriver.startSession(RemoteWebDriver.java:250)
	at org.openqa.selenium.remote.RemoteWebDriver.startSession(RemoteWebDriver.java:236)
	at org.openqa.selenium.remote.RemoteWebDriver.<init>(RemoteWebDriver.java:137)
	at org.openqa.selenium.edge.EdgeDriver.<init>(EdgeDriver.java:150)
	at org.openqa.selenium.edge.EdgeDriver.<init>(EdgeDriver.java:118)
	at com.build.qa.build.selenium.framework.BaseFramework.setUpBefore(BaseFramework.java:72)
	at java.base/jdk.internal.reflect.NativeMethodAccessorImpl.invoke0(Native Method)
	at java.base/jdk.internal.reflect.NativeMethodAccessorImpl.invoke(NativeMethodAccessorImpl.java:77)
	at java.base/jdk.internal.reflect.DelegatingMethodAccessorImpl.invoke(DelegatingMethodAccessorImpl.java:43)
	at java.base/java.lang.reflect.Method.invoke(Method.java:568)
	at org.junit.runners.model.FrameworkMethod$1.runReflectiveCall(FrameworkMethod.java:59)
	at org.junit.internal.runners.model.ReflectiveCallable.run(ReflectiveCallable.java:12)
	at org.junit.runners.model.FrameworkMethod.invokeExplosively(FrameworkMethod.java:56)
	at org.junit.internal.runners.statements.RunBefores.invokeMethod(RunBefores.java:33)
	at org.junit.internal.runners.statements.RunBefores.evaluate(RunBefores.java:24)
	at org.junit.internal.runners.statements.RunAfters.evaluate(RunAfters.java:27)
	at org.assertj.core.api.JUnitSoftAssertions$1.evaluate(JUnitSoftAssertions.java:47)
	at org.junit.runners.ParentRunner$3.evaluate(ParentRunner.java:306)
	at org.junit.runners.BlockJUnit4ClassRunner$1.evaluate(BlockJUnit4ClassRunner.java:100)
	at org.junit.runners.ParentRunner.runLeaf(ParentRunner.java:366)
	at org.junit.runners.BlockJUnit4ClassRunner.runChild(BlockJUnit4ClassRunner.java:103)
	at org.junit.runners.BlockJUnit4ClassRunner.runChild(BlockJUnit4ClassRunner.java:63)
	at org.junit.runners.ParentRunner$4.run(ParentRunner.java:331)
	at org.junit.runners.ParentRunner$1.schedule(ParentRunner.java:79)
	at org.junit.runners.ParentRunner.runChildren(ParentRunner.java:329)
	at org.junit.runners.ParentRunner.access$100(ParentRunner.java:66)
	at org.junit.runners.ParentRunner$2.evaluate(ParentRunner.java:293)
	at org.junit.internal.runners.statements.RunBefores.evaluate(RunBefores.java:26)
	at org.junit.runners.ParentRunner$3.evaluate(ParentRunner.java:306)
	at org.junit.runners.ParentRunner.run(ParentRunner.java:413)
	at org.apache.maven.surefire.junit4.JUnit4Provider.execute(JUnit4Provider.java:283)
	at org.apache.maven.surefire.junit4.JUnit4Provider.executeWithRerun(JUnit4Provider.java:173)
	at org.apache.maven.surefire.junit4.JUnit4Provider.executeTestSet(JUnit4Provider.java:153)
	at org.apache.maven.surefire.junit4.JUnit4Provider.invoke(JUnit4Provider.java:128)
	at org.apache.maven.surefire.booter.ForkedBooter.invokeProviderInSameClassLoader(ForkedBooter.java:203)
	at org.apache.maven.surefire.booter.ForkedBooter.runSuitesInProcess(ForkedBooter.java:155)
	at org.apache.maven.surefire.booter.ForkedBooter.main(ForkedBooter.java:103)
]]></error>
    <system-err><![CDATA[Starting Microsoft Edge WebDriver 105.0.1303.0 (c9319736a1a772fd40377e1810547d2f032a2ff0) on port 18385
To submit feedback, report a bug, or suggest new features, please visit https://github.com/MicrosoftEdge/EdgeWebDriver

Only local connections are allowed.
Please see https://aka.ms/WebDriverSecurity for suggestions on keeping Microsoft Edge WebDriver safe.

Microsoft Edge WebDriver was started successfully.
]]></system-err>
  </testcase>
  <testcase name="addProductToCartFromCategoryDrop" classname="com.build.qa.build.selenium.tests.FergTest" time="2.988">
    <error message="session not created: This version of Microsoft Edge WebDriver only supports Microsoft Edge version 105&#10;Current browser version is 99.0.1150.36 with binary path C:\Program Files (x86)\Microsoft\Edge\Application\msedge.exe&#10;Build info: version: &apos;3.4.0&apos;, revision: &apos;unknown&apos;, time: &apos;unknown&apos;&#10;System info: host: &apos;DESKTOP-B85L28E&apos;, ip: &apos;192.168.1.5&apos;, os.name: &apos;Windows 10&apos;, os.arch: &apos;amd64&apos;, os.version: &apos;10.0&apos;, java.version: &apos;17.0.3&apos;&#10;Driver info: driver.version: EdgeDriver&#10;remote stacktrace: Backtrace:&#10;	Microsoft::Applications::Events::EventProperties::unpack [0x00007FF751342D62+27186]&#10;	Microsoft::Applications::Events::GUID_t::GUID_t [0x00007FF7512979D2+340338]&#10;	Ordinal0 [0x00007FF750E377E1+620513]&#10;	Ordinal0 [0x00007FF750E6374B+800587]&#10;	Ordinal0 [0x00007FF750E5F36E+783214]&#10;	Ordinal0 [0x00007FF750E5A518+763160]&#10;	Ordinal0 [0x00007FF750E9476F+1001327]&#10;	Ordinal0 [0x00007FF750E8EE83+978563]&#10;	Ordinal0 [0x00007FF750E65CA0+810144]&#10;	Ordinal0 [0x00007FF750E67298+815768]&#10;	Microsoft::Applications::Events::EventProperty::EventProperty [0x00007FF7510F2A08+130200]&#10;	Microsoft::Applications::Events::EventProperty::EventProperty [0x00007FF7510DC311+38305]&#10;	Microsoft::Applications::Events::EventProperty::EventProperty [0x00007FF7510DF56C+51196]&#10;	Microsoft::Applications::Events::EventProperty::to_string [0x00007FF750F3EE77+19575]&#10;	Microsoft::Applications::Events::GUID_t::GUID_t [0x00007FF75129F5FB+372123]&#10;	Microsoft::Applications::Events::GUID_t::GUID_t [0x00007FF7512A4284+391716]&#10;	Microsoft::Applications::Events::GUID_t::GUID_t [0x00007FF7512A43DD+392061]&#10;	Microsoft::Applications::Events::time_ticks_t::time_ticks_t [0x00007FF7512AE849+39161]&#10;	BaseThreadInitThunk [0x00007FF9B9547BD4+20]&#10;	RtlUserThreadStart [0x00007FF9B9C8CED1+33]&#10;" type="org.openqa.selenium.SessionNotCreatedException"><![CDATA[org.openqa.selenium.SessionNotCreatedException: session not created: This version of Microsoft Edge WebDriver only supports Microsoft Edge version 105
Current browser version is 99.0.1150.36 with binary path C:\Program Files (x86)\Microsoft\Edge\Application\msedge.exe
Build info: version: '3.4.0', revision: 'unknown', time: 'unknown'
System info: host: 'DESKTOP-B85L28E', ip: '192.168.1.5', os.name: 'Windows 10', os.arch: 'amd64', os.version: '10.0', java.version: '17.0.3'
Driver info: driver.version: EdgeDriver
remote stacktrace: Backtrace:
	Microsoft::Applications::Events::EventProperties::unpack [0x00007FF751342D62+27186]
	Microsoft::Applications::Events::GUID_t::GUID_t [0x00007FF7512979D2+340338]
	Ordinal0 [0x00007FF750E377E1+620513]
	Ordinal0 [0x00007FF750E6374B+800587]
	Ordinal0 [0x00007FF750E5F36E+783214]
	Ordinal0 [0x00007FF750E5A518+763160]
	Ordinal0 [0x00007FF750E9476F+1001327]
	Ordinal0 [0x00007FF750E8EE83+978563]
	Ordinal0 [0x00007FF750E65CA0+810144]
	Ordinal0 [0x00007FF750E67298+815768]
	Microsoft::Applications::Events::EventProperty::EventProperty [0x00007FF7510F2A08+130200]
	Microsoft::Applications::Events::EventProperty::EventProperty [0x00007FF7510DC311+38305]
	Microsoft::Applications::Events::EventProperty::EventProperty [0x00007FF7510DF56C+51196]
	Microsoft::Applications::Events::EventProperty::to_string [0x00007FF750F3EE77+19575]
	Microsoft::Applications::Events::GUID_t::GUID_t [0x00007FF75129F5FB+372123]
	Microsoft::Applications::Events::GUID_t::GUID_t [0x00007FF7512A4284+391716]
	Microsoft::Applications::Events::GUID_t::GUID_t [0x00007FF7512A43DD+392061]
	Microsoft::Applications::Events::time_ticks_t::time_ticks_t [0x00007FF7512AE849+39161]
	BaseThreadInitThunk [0x00007FF9B9547BD4+20]
	RtlUserThreadStart [0x00007FF9B9C8CED1+33]

	at java.base/jdk.internal.reflect.NativeConstructorAccessorImpl.newInstance0(Native Method)
	at java.base/jdk.internal.reflect.NativeConstructorAccessorImpl.newInstance(NativeConstructorAccessorImpl.java:77)
	at java.base/jdk.internal.reflect.DelegatingConstructorAccessorImpl.newInstance(DelegatingConstructorAccessorImpl.java:45)
	at java.base/java.lang.reflect.Constructor.newInstanceWithCaller(Constructor.java:499)
	at java.base/java.lang.reflect.Constructor.newInstance(Constructor.java:480)
	at org.openqa.selenium.remote.W3CHandshakeResponse.lambda$new$0(W3CHandshakeResponse.java:57)
	at org.openqa.selenium.remote.W3CHandshakeResponse.lambda$getResponseFunction$2(W3CHandshakeResponse.java:104)
	at org.openqa.selenium.remote.ProtocolHandshake.lambda$createSession$22(ProtocolHandshake.java:365)
	at java.base/java.util.stream.ReferencePipeline$3$1.accept(ReferencePipeline.java:197)
	at java.base/java.util.Spliterators$ArraySpliterator.tryAdvance(Spliterators.java:1002)
	at java.base/java.util.stream.ReferencePipeline.forEachWithCancel(ReferencePipeline.java:129)
	at java.base/java.util.stream.AbstractPipeline.copyIntoWithCancel(AbstractPipeline.java:527)
	at java.base/java.util.stream.AbstractPipeline.copyInto(AbstractPipeline.java:513)
	at java.base/java.util.stream.AbstractPipeline.wrapAndCopyInto(AbstractPipeline.java:499)
	at java.base/java.util.stream.FindOps$FindOp.evaluateSequential(FindOps.java:150)
	at java.base/java.util.stream.AbstractPipeline.evaluate(AbstractPipeline.java:234)
	at java.base/java.util.stream.ReferencePipeline.findFirst(ReferencePipeline.java:647)
	at org.openqa.selenium.remote.ProtocolHandshake.createSession(ProtocolHandshake.java:368)
	at org.openqa.selenium.remote.ProtocolHandshake.createSession(ProtocolHandshake.java:159)
	at org.openqa.selenium.remote.HttpCommandExecutor.execute(HttpCommandExecutor.java:142)
	at org.openqa.selenium.remote.service.DriverCommandExecutor.execute(DriverCommandExecutor.java:82)
	at org.openqa.selenium.remote.RemoteWebDriver.execute(RemoteWebDriver.java:637)
	at org.openqa.selenium.remote.RemoteWebDriver.startSession(RemoteWebDriver.java:250)
	at org.openqa.selenium.remote.RemoteWebDriver.startSession(RemoteWebDriver.java:236)
	at org.openqa.selenium.remote.RemoteWebDriver.<init>(RemoteWebDriver.java:137)
	at org.openqa.selenium.edge.EdgeDriver.<init>(EdgeDriver.java:150)
	at org.openqa.selenium.edge.EdgeDriver.<init>(EdgeDriver.java:118)
	at com.build.qa.build.selenium.framework.BaseFramework.setUpBefore(BaseFramework.java:72)
	at java.base/jdk.internal.reflect.NativeMethodAccessorImpl.invoke0(Native Method)
	at java.base/jdk.internal.reflect.NativeMethodAccessorImpl.invoke(NativeMethodAccessorImpl.java:77)
	at java.base/jdk.internal.reflect.DelegatingMethodAccessorImpl.invoke(DelegatingMethodAccessorImpl.java:43)
	at java.base/java.lang.reflect.Method.invoke(Method.java:568)
	at org.junit.runners.model.FrameworkMethod$1.runReflectiveCall(FrameworkMethod.java:59)
	at org.junit.internal.runners.model.ReflectiveCallable.run(ReflectiveCallable.java:12)
	at org.junit.runners.model.FrameworkMethod.invokeExplosively(FrameworkMethod.java:56)
	at org.junit.internal.runners.statements.RunBefores.invokeMethod(RunBefores.java:33)
	at org.junit.internal.runners.statements.RunBefores.evaluate(RunBefores.java:24)
	at org.junit.internal.runners.statements.RunAfters.evaluate(RunAfters.java:27)
	at org.assertj.core.api.JUnitSoftAssertions$1.evaluate(JUnitSoftAssertions.java:47)
	at org.junit.runners.ParentRunner$3.evaluate(ParentRunner.java:306)
	at org.junit.runners.BlockJUnit4ClassRunner$1.evaluate(BlockJUnit4ClassRunner.java:100)
	at org.junit.runners.ParentRunner.runLeaf(ParentRunner.java:366)
	at org.junit.runners.BlockJUnit4ClassRunner.runChild(BlockJUnit4ClassRunner.java:103)
	at org.junit.runners.BlockJUnit4ClassRunner.runChild(BlockJUnit4ClassRunner.java:63)
	at org.junit.runners.ParentRunner$4.run(ParentRunner.java:331)
	at org.junit.runners.ParentRunner$1.schedule(ParentRunner.java:79)
	at org.junit.runners.ParentRunner.runChildren(ParentRunner.java:329)
	at org.junit.runners.ParentRunner.access$100(ParentRunner.java:66)
	at org.junit.runners.ParentRunner$2.evaluate(ParentRunner.java:293)
	at org.junit.internal.runners.statements.RunBefores.evaluate(RunBefores.java:26)
	at org.junit.runners.ParentRunner$3.evaluate(ParentRunner.java:306)
	at org.junit.runners.ParentRunner.run(ParentRunner.java:413)
	at org.apache.maven.surefire.junit4.JUnit4Provider.execute(JUnit4Provider.java:283)
	at org.apache.maven.surefire.junit4.JUnit4Provider.executeWithRerun(JUnit4Provider.java:173)
	at org.apache.maven.surefire.junit4.JUnit4Provider.executeTestSet(JUnit4Provider.java:153)
	at org.apache.maven.surefire.junit4.JUnit4Provider.invoke(JUnit4Provider.java:128)
	at org.apache.maven.surefire.booter.ForkedBooter.invokeProviderInSameClassLoader(ForkedBooter.java:203)
	at org.apache.maven.surefire.booter.ForkedBooter.runSuitesInProcess(ForkedBooter.java:155)
	at org.apache.maven.surefire.booter.ForkedBooter.main(ForkedBooter.java:103)
]]></error>
    <system-err><![CDATA[Starting Microsoft Edge WebDriver 105.0.1303.0 (c9319736a1a772fd40377e1810547d2f032a2ff0) on port 10235
To submit feedback, report a bug, or suggest new features, please visit https://github.com/MicrosoftEdge/EdgeWebDriver

Only local connections are allowed.
Please see https://aka.ms/WebDriverSecurity for suggestions on keeping Microsoft Edge WebDriver safe.

Microsoft Edge WebDriver was started successfully.
]]></system-err>
  </testcase>
  <testcase name="facetNarrowBysResultInCorrectProductCounts" classname="com.build.qa.build.selenium.tests.FergTest" time="2.958">
    <error message="session not created: This version of Microsoft Edge WebDriver only supports Microsoft Edge version 105&#10;Current browser version is 99.0.1150.36 with binary path C:\Program Files (x86)\Microsoft\Edge\Application\msedge.exe&#10;Build info: version: &apos;3.4.0&apos;, revision: &apos;unknown&apos;, time: &apos;unknown&apos;&#10;System info: host: &apos;DESKTOP-B85L28E&apos;, ip: &apos;192.168.1.5&apos;, os.name: &apos;Windows 10&apos;, os.arch: &apos;amd64&apos;, os.version: &apos;10.0&apos;, java.version: &apos;17.0.3&apos;&#10;Driver info: driver.version: EdgeDriver&#10;remote stacktrace: Backtrace:&#10;	Microsoft::Applications::Events::EventProperties::unpack [0x00007FF751342D62+27186]&#10;	Microsoft::Applications::Events::GUID_t::GUID_t [0x00007FF7512979D2+340338]&#10;	Ordinal0 [0x00007FF750E377E1+620513]&#10;	Ordinal0 [0x00007FF750E6374B+800587]&#10;	Ordinal0 [0x00007FF750E5F36E+783214]&#10;	Ordinal0 [0x00007FF750E5A518+763160]&#10;	Ordinal0 [0x00007FF750E9476F+1001327]&#10;	Ordinal0 [0x00007FF750E8EE83+978563]&#10;	Ordinal0 [0x00007FF750E65CA0+810144]&#10;	Ordinal0 [0x00007FF750E67298+815768]&#10;	Microsoft::Applications::Events::EventProperty::EventProperty [0x00007FF7510F2A08+130200]&#10;	Microsoft::Applications::Events::EventProperty::EventProperty [0x00007FF7510DC311+38305]&#10;	Microsoft::Applications::Events::EventProperty::EventProperty [0x00007FF7510DF56C+51196]&#10;	Microsoft::Applications::Events::EventProperty::to_string [0x00007FF750F3EE77+19575]&#10;	Microsoft::Applications::Events::GUID_t::GUID_t [0x00007FF75129F5FB+372123]&#10;	Microsoft::Applications::Events::GUID_t::GUID_t [0x00007FF7512A4284+391716]&#10;	Microsoft::Applications::Events::GUID_t::GUID_t [0x00007FF7512A43DD+392061]&#10;	Microsoft::Applications::Events::time_ticks_t::time_ticks_t [0x00007FF7512AE849+39161]&#10;	BaseThreadInitThunk [0x00007FF9B9547BD4+20]&#10;	RtlUserThreadStart [0x00007FF9B9C8CED1+33]&#10;" type="org.openqa.selenium.SessionNotCreatedException"><![CDATA[org.openqa.selenium.SessionNotCreatedException: session not created: This version of Microsoft Edge WebDriver only supports Microsoft Edge version 105
Current browser version is 99.0.1150.36 with binary path C:\Program Files (x86)\Microsoft\Edge\Application\msedge.exe
Build info: version: '3.4.0', revision: 'unknown', time: 'unknown'
System info: host: 'DESKTOP-B85L28E', ip: '192.168.1.5', os.name: 'Windows 10', os.arch: 'amd64', os.version: '10.0', java.version: '17.0.3'
Driver info: driver.version: EdgeDriver
remote stacktrace: Backtrace:
	Microsoft::Applications::Events::EventProperties::unpack [0x00007FF751342D62+27186]
	Microsoft::Applications::Events::GUID_t::GUID_t [0x00007FF7512979D2+340338]
	Ordinal0 [0x00007FF750E377E1+620513]
	Ordinal0 [0x00007FF750E6374B+800587]
	Ordinal0 [0x00007FF750E5F36E+783214]
	Ordinal0 [0x00007FF750E5A518+763160]
	Ordinal0 [0x00007FF750E9476F+1001327]
	Ordinal0 [0x00007FF750E8EE83+978563]
	Ordinal0 [0x00007FF750E65CA0+810144]
	Ordinal0 [0x00007FF750E67298+815768]
	Microsoft::Applications::Events::EventProperty::EventProperty [0x00007FF7510F2A08+130200]
	Microsoft::Applications::Events::EventProperty::EventProperty [0x00007FF7510DC311+38305]
	Microsoft::Applications::Events::EventProperty::EventProperty [0x00007FF7510DF56C+51196]
	Microsoft::Applications::Events::EventProperty::to_string [0x00007FF750F3EE77+19575]
	Microsoft::Applications::Events::GUID_t::GUID_t [0x00007FF75129F5FB+372123]
	Microsoft::Applications::Events::GUID_t::GUID_t [0x00007FF7512A4284+391716]
	Microsoft::Applications::Events::GUID_t::GUID_t [0x00007FF7512A43DD+392061]
	Microsoft::Applications::Events::time_ticks_t::time_ticks_t [0x00007FF7512AE849+39161]
	BaseThreadInitThunk [0x00007FF9B9547BD4+20]
	RtlUserThreadStart [0x00007FF9B9C8CED1+33]

	at java.base/jdk.internal.reflect.NativeConstructorAccessorImpl.newInstance0(Native Method)
	at java.base/jdk.internal.reflect.NativeConstructorAccessorImpl.newInstance(NativeConstructorAccessorImpl.java:77)
	at java.base/jdk.internal.reflect.DelegatingConstructorAccessorImpl.newInstance(DelegatingConstructorAccessorImpl.java:45)
	at java.base/java.lang.reflect.Constructor.newInstanceWithCaller(Constructor.java:499)
	at java.base/java.lang.reflect.Constructor.newInstance(Constructor.java:480)
	at org.openqa.selenium.remote.W3CHandshakeResponse.lambda$new$0(W3CHandshakeResponse.java:57)
	at org.openqa.selenium.remote.W3CHandshakeResponse.lambda$getResponseFunction$2(W3CHandshakeResponse.java:104)
	at org.openqa.selenium.remote.ProtocolHandshake.lambda$createSession$22(ProtocolHandshake.java:365)
	at java.base/java.util.stream.ReferencePipeline$3$1.accept(ReferencePipeline.java:197)
	at java.base/java.util.Spliterators$ArraySpliterator.tryAdvance(Spliterators.java:1002)
	at java.base/java.util.stream.ReferencePipeline.forEachWithCancel(ReferencePipeline.java:129)
	at java.base/java.util.stream.AbstractPipeline.copyIntoWithCancel(AbstractPipeline.java:527)
	at java.base/java.util.stream.AbstractPipeline.copyInto(AbstractPipeline.java:513)
	at java.base/java.util.stream.AbstractPipeline.wrapAndCopyInto(AbstractPipeline.java:499)
	at java.base/java.util.stream.FindOps$FindOp.evaluateSequential(FindOps.java:150)
	at java.base/java.util.stream.AbstractPipeline.evaluate(AbstractPipeline.java:234)
	at java.base/java.util.stream.ReferencePipeline.findFirst(ReferencePipeline.java:647)
	at org.openqa.selenium.remote.ProtocolHandshake.createSession(ProtocolHandshake.java:368)
	at org.openqa.selenium.remote.ProtocolHandshake.createSession(ProtocolHandshake.java:159)
	at org.openqa.selenium.remote.HttpCommandExecutor.execute(HttpCommandExecutor.java:142)
	at org.openqa.selenium.remote.service.DriverCommandExecutor.execute(DriverCommandExecutor.java:82)
	at org.openqa.selenium.remote.RemoteWebDriver.execute(RemoteWebDriver.java:637)
	at org.openqa.selenium.remote.RemoteWebDriver.startSession(RemoteWebDriver.java:250)
	at org.openqa.selenium.remote.RemoteWebDriver.startSession(RemoteWebDriver.java:236)
	at org.openqa.selenium.remote.RemoteWebDriver.<init>(RemoteWebDriver.java:137)
	at org.openqa.selenium.edge.EdgeDriver.<init>(EdgeDriver.java:150)
	at org.openqa.selenium.edge.EdgeDriver.<init>(EdgeDriver.java:118)
	at com.build.qa.build.selenium.framework.BaseFramework.setUpBefore(BaseFramework.java:72)
	at java.base/jdk.internal.reflect.NativeMethodAccessorImpl.invoke0(Native Method)
	at java.base/jdk.internal.reflect.NativeMethodAccessorImpl.invoke(NativeMethodAccessorImpl.java:77)
	at java.base/jdk.internal.reflect.DelegatingMethodAccessorImpl.invoke(DelegatingMethodAccessorImpl.java:43)
	at java.base/java.lang.reflect.Method.invoke(Method.java:568)
	at org.junit.runners.model.FrameworkMethod$1.runReflectiveCall(FrameworkMethod.java:59)
	at org.junit.internal.runners.model.ReflectiveCallable.run(ReflectiveCallable.java:12)
	at org.junit.runners.model.FrameworkMethod.invokeExplosively(FrameworkMethod.java:56)
	at org.junit.internal.runners.statements.RunBefores.invokeMethod(RunBefores.java:33)
	at org.junit.internal.runners.statements.RunBefores.evaluate(RunBefores.java:24)
	at org.junit.internal.runners.statements.RunAfters.evaluate(RunAfters.java:27)
	at org.assertj.core.api.JUnitSoftAssertions$1.evaluate(JUnitSoftAssertions.java:47)
	at org.junit.runners.ParentRunner$3.evaluate(ParentRunner.java:306)
	at org.junit.runners.BlockJUnit4ClassRunner$1.evaluate(BlockJUnit4ClassRunner.java:100)
	at org.junit.runners.ParentRunner.runLeaf(ParentRunner.java:366)
	at org.junit.runners.BlockJUnit4ClassRunner.runChild(BlockJUnit4ClassRunner.java:103)
	at org.junit.runners.BlockJUnit4ClassRunner.runChild(BlockJUnit4ClassRunner.java:63)
	at org.junit.runners.ParentRunner$4.run(ParentRunner.java:331)
	at org.junit.runners.ParentRunner$1.schedule(ParentRunner.java:79)
	at org.junit.runners.ParentRunner.runChildren(ParentRunner.java:329)
	at org.junit.runners.ParentRunner.access$100(ParentRunner.java:66)
	at org.junit.runners.ParentRunner$2.evaluate(ParentRunner.java:293)
	at org.junit.internal.runners.statements.RunBefores.evaluate(RunBefores.java:26)
	at org.junit.runners.ParentRunner$3.evaluate(ParentRunner.java:306)
	at org.junit.runners.ParentRunner.run(ParentRunner.java:413)
	at org.apache.maven.surefire.junit4.JUnit4Provider.execute(JUnit4Provider.java:283)
	at org.apache.maven.surefire.junit4.JUnit4Provider.executeWithRerun(JUnit4Provider.java:173)
	at org.apache.maven.surefire.junit4.JUnit4Provider.executeTestSet(JUnit4Provider.java:153)
	at org.apache.maven.surefire.junit4.JUnit4Provider.invoke(JUnit4Provider.java:128)
	at org.apache.maven.surefire.booter.ForkedBooter.invokeProviderInSameClassLoader(ForkedBooter.java:203)
	at org.apache.maven.surefire.booter.ForkedBooter.runSuitesInProcess(ForkedBooter.java:155)
	at org.apache.maven.surefire.booter.ForkedBooter.main(ForkedBooter.java:103)
]]></error>
    <system-err><![CDATA[Starting Microsoft Edge WebDriver 105.0.1303.0 (c9319736a1a772fd40377e1810547d2f032a2ff0) on port 19063
To submit feedback, report a bug, or suggest new features, please visit https://github.com/MicrosoftEdge/EdgeWebDriver

Only local connections are allowed.
Please see https://aka.ms/WebDriverSecurity for suggestions on keeping Microsoft Edge WebDriver safe.

Microsoft Edge WebDriver was started successfully.
]]></system-err>
  </testcase>
  <testcase name="addMultipleCartItemsAndChangeQuantity" classname="com.build.qa.build.selenium.tests.FergTest" time="3.027">
    <error message="session not created: This version of Microsoft Edge WebDriver only supports Microsoft Edge version 105&#10;Current browser version is 99.0.1150.36 with binary path C:\Program Files (x86)\Microsoft\Edge\Application\msedge.exe&#10;Build info: version: &apos;3.4.0&apos;, revision: &apos;unknown&apos;, time: &apos;unknown&apos;&#10;System info: host: &apos;DESKTOP-B85L28E&apos;, ip: &apos;192.168.1.5&apos;, os.name: &apos;Windows 10&apos;, os.arch: &apos;amd64&apos;, os.version: &apos;10.0&apos;, java.version: &apos;17.0.3&apos;&#10;Driver info: driver.version: EdgeDriver&#10;remote stacktrace: Backtrace:&#10;	Microsoft::Applications::Events::EventProperties::unpack [0x00007FF751342D62+27186]&#10;	Microsoft::Applications::Events::GUID_t::GUID_t [0x00007FF7512979D2+340338]&#10;	Ordinal0 [0x00007FF750E377E1+620513]&#10;	Ordinal0 [0x00007FF750E6374B+800587]&#10;	Ordinal0 [0x00007FF750E5F36E+783214]&#10;	Ordinal0 [0x00007FF750E5A518+763160]&#10;	Ordinal0 [0x00007FF750E9476F+1001327]&#10;	Ordinal0 [0x00007FF750E8EE83+978563]&#10;	Ordinal0 [0x00007FF750E65CA0+810144]&#10;	Ordinal0 [0x00007FF750E67298+815768]&#10;	Microsoft::Applications::Events::EventProperty::EventProperty [0x00007FF7510F2A08+130200]&#10;	Microsoft::Applications::Events::EventProperty::EventProperty [0x00007FF7510DC311+38305]&#10;	Microsoft::Applications::Events::EventProperty::EventProperty [0x00007FF7510DF56C+51196]&#10;	Microsoft::Applications::Events::EventProperty::to_string [0x00007FF750F3EE77+19575]&#10;	Microsoft::Applications::Events::GUID_t::GUID_t [0x00007FF75129F5FB+372123]&#10;	Microsoft::Applications::Events::GUID_t::GUID_t [0x00007FF7512A4284+391716]&#10;	Microsoft::Applications::Events::GUID_t::GUID_t [0x00007FF7512A43DD+392061]&#10;	Microsoft::Applications::Events::time_ticks_t::time_ticks_t [0x00007FF7512AE849+39161]&#10;	BaseThreadInitThunk [0x00007FF9B9547BD4+20]&#10;	RtlUserThreadStart [0x00007FF9B9C8CED1+33]&#10;" type="org.openqa.selenium.SessionNotCreatedException"><![CDATA[org.openqa.selenium.SessionNotCreatedException: session not created: This version of Microsoft Edge WebDriver only supports Microsoft Edge version 105
Current browser version is 99.0.1150.36 with binary path C:\Program Files (x86)\Microsoft\Edge\Application\msedge.exe
Build info: version: '3.4.0', revision: 'unknown', time: 'unknown'
System info: host: 'DESKTOP-B85L28E', ip: '192.168.1.5', os.name: 'Windows 10', os.arch: 'amd64', os.version: '10.0', java.version: '17.0.3'
Driver info: driver.version: EdgeDriver
remote stacktrace: Backtrace:
	Microsoft::Applications::Events::EventProperties::unpack [0x00007FF751342D62+27186]
	Microsoft::Applications::Events::GUID_t::GUID_t [0x00007FF7512979D2+340338]
	Ordinal0 [0x00007FF750E377E1+620513]
	Ordinal0 [0x00007FF750E6374B+800587]
	Ordinal0 [0x00007FF750E5F36E+783214]
	Ordinal0 [0x00007FF750E5A518+763160]
	Ordinal0 [0x00007FF750E9476F+1001327]
	Ordinal0 [0x00007FF750E8EE83+978563]
	Ordinal0 [0x00007FF750E65CA0+810144]
	Ordinal0 [0x00007FF750E67298+815768]
	Microsoft::Applications::Events::EventProperty::EventProperty [0x00007FF7510F2A08+130200]
	Microsoft::Applications::Events::EventProperty::EventProperty [0x00007FF7510DC311+38305]
	Microsoft::Applications::Events::EventProperty::EventProperty [0x00007FF7510DF56C+51196]
	Microsoft::Applications::Events::EventProperty::to_string [0x00007FF750F3EE77+19575]
	Microsoft::Applications::Events::GUID_t::GUID_t [0x00007FF75129F5FB+372123]
	Microsoft::Applications::Events::GUID_t::GUID_t [0x00007FF7512A4284+391716]
	Microsoft::Applications::Events::GUID_t::GUID_t [0x00007FF7512A43DD+392061]
	Microsoft::Applications::Events::time_ticks_t::time_ticks_t [0x00007FF7512AE849+39161]
	BaseThreadInitThunk [0x00007FF9B9547BD4+20]
	RtlUserThreadStart [0x00007FF9B9C8CED1+33]

	at java.base/jdk.internal.reflect.NativeConstructorAccessorImpl.newInstance0(Native Method)
	at java.base/jdk.internal.reflect.NativeConstructorAccessorImpl.newInstance(NativeConstructorAccessorImpl.java:77)
	at java.base/jdk.internal.reflect.DelegatingConstructorAccessorImpl.newInstance(DelegatingConstructorAccessorImpl.java:45)
	at java.base/java.lang.reflect.Constructor.newInstanceWithCaller(Constructor.java:499)
	at java.base/java.lang.reflect.Constructor.newInstance(Constructor.java:480)
	at org.openqa.selenium.remote.W3CHandshakeResponse.lambda$new$0(W3CHandshakeResponse.java:57)
	at org.openqa.selenium.remote.W3CHandshakeResponse.lambda$getResponseFunction$2(W3CHandshakeResponse.java:104)
	at org.openqa.selenium.remote.ProtocolHandshake.lambda$createSession$22(ProtocolHandshake.java:365)
	at java.base/java.util.stream.ReferencePipeline$3$1.accept(ReferencePipeline.java:197)
	at java.base/java.util.Spliterators$ArraySpliterator.tryAdvance(Spliterators.java:1002)
	at java.base/java.util.stream.ReferencePipeline.forEachWithCancel(ReferencePipeline.java:129)
	at java.base/java.util.stream.AbstractPipeline.copyIntoWithCancel(AbstractPipeline.java:527)
	at java.base/java.util.stream.AbstractPipeline.copyInto(AbstractPipeline.java:513)
	at java.base/java.util.stream.AbstractPipeline.wrapAndCopyInto(AbstractPipeline.java:499)
	at java.base/java.util.stream.FindOps$FindOp.evaluateSequential(FindOps.java:150)
	at java.base/java.util.stream.AbstractPipeline.evaluate(AbstractPipeline.java:234)
	at java.base/java.util.stream.ReferencePipeline.findFirst(ReferencePipeline.java:647)
	at org.openqa.selenium.remote.ProtocolHandshake.createSession(ProtocolHandshake.java:368)
	at org.openqa.selenium.remote.ProtocolHandshake.createSession(ProtocolHandshake.java:159)
	at org.openqa.selenium.remote.HttpCommandExecutor.execute(HttpCommandExecutor.java:142)
	at org.openqa.selenium.remote.service.DriverCommandExecutor.execute(DriverCommandExecutor.java:82)
	at org.openqa.selenium.remote.RemoteWebDriver.execute(RemoteWebDriver.java:637)
	at org.openqa.selenium.remote.RemoteWebDriver.startSession(RemoteWebDriver.java:250)
	at org.openqa.selenium.remote.RemoteWebDriver.startSession(RemoteWebDriver.java:236)
	at org.openqa.selenium.remote.RemoteWebDriver.<init>(RemoteWebDriver.java:137)
	at org.openqa.selenium.edge.EdgeDriver.<init>(EdgeDriver.java:150)
	at org.openqa.selenium.edge.EdgeDriver.<init>(EdgeDriver.java:118)
	at com.build.qa.build.selenium.framework.BaseFramework.setUpBefore(BaseFramework.java:72)
	at java.base/jdk.internal.reflect.NativeMethodAccessorImpl.invoke0(Native Method)
	at java.base/jdk.internal.reflect.NativeMethodAccessorImpl.invoke(NativeMethodAccessorImpl.java:77)
	at java.base/jdk.internal.reflect.DelegatingMethodAccessorImpl.invoke(DelegatingMethodAccessorImpl.java:43)
	at java.base/java.lang.reflect.Method.invoke(Method.java:568)
	at org.junit.runners.model.FrameworkMethod$1.runReflectiveCall(FrameworkMethod.java:59)
	at org.junit.internal.runners.model.ReflectiveCallable.run(ReflectiveCallable.java:12)
	at org.junit.runners.model.FrameworkMethod.invokeExplosively(FrameworkMethod.java:56)
	at org.junit.internal.runners.statements.RunBefores.invokeMethod(RunBefores.java:33)
	at org.junit.internal.runners.statements.RunBefores.evaluate(RunBefores.java:24)
	at org.junit.internal.runners.statements.RunAfters.evaluate(RunAfters.java:27)
	at org.assertj.core.api.JUnitSoftAssertions$1.evaluate(JUnitSoftAssertions.java:47)
	at org.junit.runners.ParentRunner$3.evaluate(ParentRunner.java:306)
	at org.junit.runners.BlockJUnit4ClassRunner$1.evaluate(BlockJUnit4ClassRunner.java:100)
	at org.junit.runners.ParentRunner.runLeaf(ParentRunner.java:366)
	at org.junit.runners.BlockJUnit4ClassRunner.runChild(BlockJUnit4ClassRunner.java:103)
	at org.junit.runners.BlockJUnit4ClassRunner.runChild(BlockJUnit4ClassRunner.java:63)
	at org.junit.runners.ParentRunner$4.run(ParentRunner.java:331)
	at org.junit.runners.ParentRunner$1.schedule(ParentRunner.java:79)
	at org.junit.runners.ParentRunner.runChildren(ParentRunner.java:329)
	at org.junit.runners.ParentRunner.access$100(ParentRunner.java:66)
	at org.junit.runners.ParentRunner$2.evaluate(ParentRunner.java:293)
	at org.junit.internal.runners.statements.RunBefores.evaluate(RunBefores.java:26)
	at org.junit.runners.ParentRunner$3.evaluate(ParentRunner.java:306)
	at org.junit.runners.ParentRunner.run(ParentRunner.java:413)
	at org.apache.maven.surefire.junit4.JUnit4Provider.execute(JUnit4Provider.java:283)
	at org.apache.maven.surefire.junit4.JUnit4Provider.executeWithRerun(JUnit4Provider.java:173)
	at org.apache.maven.surefire.junit4.JUnit4Provider.executeTestSet(JUnit4Provider.java:153)
	at org.apache.maven.surefire.junit4.JUnit4Provider.invoke(JUnit4Provider.java:128)
	at org.apache.maven.surefire.booter.ForkedBooter.invokeProviderInSameClassLoader(ForkedBooter.java:203)
	at org.apache.maven.surefire.booter.ForkedBooter.runSuitesInProcess(ForkedBooter.java:155)
	at org.apache.maven.surefire.booter.ForkedBooter.main(ForkedBooter.java:103)
]]></error>
    <system-err><![CDATA[Starting Microsoft Edge WebDriver 105.0.1303.0 (c9319736a1a772fd40377e1810547d2f032a2ff0) on port 16428
To submit feedback, report a bug, or suggest new features, please visit https://github.com/MicrosoftEdge/EdgeWebDriver

Only local connections are allowed.
Please see https://aka.ms/WebDriverSecurity for suggestions on keeping Microsoft Edge WebDriver safe.

Microsoft Edge WebDriver was started successfully.
]]></system-err>
  </testcase>
</testsuite>